{"timestamp":"2025-11-04T03:31:16.987739Z","level":"info","event":"DAG bundles loaded: dags-folder","logger":"airflow.dag_processing.bundles.manager.DagBundlesManager","filename":"manager.py","lineno":179}
{"timestamp":"2025-11-04T03:31:16.988301Z","level":"info","event":"Filling up the DagBag from /opt/airflow/dags/dags.py","logger":"airflow.models.dagbag.DagBag","filename":"dagbag.py","lineno":593}
{"timestamp":"2025-11-04T03:31:17.013687Z","level":"warning","event":"The `airflow.decorators.task` attribute is deprecated. Please use `'airflow.sdk.task'`.","category":"DeprecatedImportWarning","filename":"/opt/airflow/dags/dags.py","lineno":5,"logger":"py.warnings"}
{"timestamp":"2025-11-04T03:31:20.267502Z","level":"info","event":"Database error: duplicate key value violates unique constraint \"pg_namespace_nspname_index\"","logger":"task.stdout"}
{"timestamp":"2025-11-04T03:31:20.267748Z","level":"info","event":"DETAIL:  Key (nspname)=(assignment) already exists.","logger":"task.stdout"}
{"timestamp":"2025-11-04T03:31:20.267886Z","level":"info","event":"","logger":"task.stdout"}
{"timestamp":"2025-11-04T03:31:20.270867Z","level":"info","event":"Done. Returned value was: 0","logger":"airflow.task.operators.airflow.providers.standard.decorators.python._PythonDecoratedOperator","filename":"python.py","lineno":218}
{"timestamp":"2025-11-04T03:31:20.271091Z","level":"info","event":"Pushing xcom","ti":"RuntimeTaskInstance(id=UUID('019a4ceb-2cb8-798a-834a-baa6ed75d147'), task_id='load_csv_to_pg', dag_id='netflix_pipeline', run_id='scheduled__2025-10-01T00:00:00+00:00', try_number=1, dag_version_id=UUID('019a4cea-9cdb-7f17-8511-0a2954cb27a8'), map_index=-1, hostname='1736a9601225', context_carrier={}, task=<Task(_PythonDecoratedOperator): load_csv_to_pg>, bundle_instance=LocalDagBundle(name=dags-folder), max_tries=1, start_date=datetime.datetime(2025, 11, 4, 3, 31, 16, 839245, tzinfo=datetime.timezone.utc), end_date=None, state=<TaskInstanceState.RUNNING: 'running'>, is_mapped=False, rendered_map_index=None)","logger":"task","filename":"task_runner.py","lineno":1352}
{"timestamp":"2025-11-04T03:48:32.931438Z","level":"info","event":"DAG bundles loaded: dags-folder","logger":"airflow.dag_processing.bundles.manager.DagBundlesManager","filename":"manager.py","lineno":179}
{"timestamp":"2025-11-04T03:48:32.931713Z","level":"info","event":"Filling up the DagBag from /opt/airflow/dags/dags.py","logger":"airflow.models.dagbag.DagBag","filename":"dagbag.py","lineno":593}
{"timestamp":"2025-11-04T03:48:32.946342Z","level":"warning","event":"The `airflow.decorators.task` attribute is deprecated. Please use `'airflow.sdk.task'`.","category":"DeprecatedImportWarning","filename":"/opt/airflow/dags/dags.py","lineno":5,"logger":"py.warnings"}
{"timestamp":"2025-11-04T03:48:35.789636Z","level":"info","event":"Inserted 10000 rows into assignment.netflix_user_watch","logger":"task.stdout"}
{"timestamp":"2025-11-04T03:48:35.790505Z","level":"info","event":"Done. Returned value was: 10000","logger":"airflow.task.operators.airflow.providers.standard.decorators.python._PythonDecoratedOperator","filename":"python.py","lineno":218}
{"timestamp":"2025-11-04T03:48:35.790802Z","level":"info","event":"Pushing xcom","ti":"RuntimeTaskInstance(id=UUID('019a4cfb-048c-7a19-86a4-42708583dfb2'), task_id='load_csv_to_pg', dag_id='netflix_pipeline', run_id='scheduled__2025-10-01T00:00:00+00:00', try_number=1, dag_version_id=UUID('019a4cfa-bf99-719a-b112-b29ad250377c'), map_index=-1, hostname='1a2b3a91417e', context_carrier={}, task=<Task(_PythonDecoratedOperator): load_csv_to_pg>, bundle_instance=LocalDagBundle(name=dags-folder), max_tries=1, start_date=datetime.datetime(2025, 11, 4, 3, 48, 32, 875497, tzinfo=datetime.timezone.utc), end_date=None, state=<TaskInstanceState.RUNNING: 'running'>, is_mapped=False, rendered_map_index=None)","logger":"task","filename":"task_runner.py","lineno":1352}
{"timestamp":"2025-11-04T04:07:24.890536Z","level":"info","event":"DAG bundles loaded: dags-folder","logger":"airflow.dag_processing.bundles.manager.DagBundlesManager","filename":"manager.py","lineno":179}
{"timestamp":"2025-11-04T04:07:24.890777Z","level":"info","event":"Filling up the DagBag from /opt/airflow/dags/dags.py","logger":"airflow.models.dagbag.DagBag","filename":"dagbag.py","lineno":593}
{"timestamp":"2025-11-04T04:07:24.904845Z","level":"warning","event":"The `airflow.decorators.task` attribute is deprecated. Please use `'airflow.sdk.task'`.","category":"DeprecatedImportWarning","filename":"/opt/airflow/dags/dags.py","lineno":5,"logger":"py.warnings"}
{"timestamp":"2025-11-04T04:07:30.685436Z","level":"info","event":"Inserted 10000 rows into assignment.netflix_user_watch","logger":"task.stdout"}
{"timestamp":"2025-11-04T04:07:30.686068Z","level":"info","event":"Done. Returned value was: 10000","logger":"airflow.task.operators.airflow.providers.standard.decorators.python._PythonDecoratedOperator","filename":"python.py","lineno":218}
{"timestamp":"2025-11-04T04:07:30.686228Z","level":"info","event":"Pushing xcom","ti":"RuntimeTaskInstance(id=UUID('019a4d0c-4580-7c02-bcfd-26ba804b8adc'), task_id='load_csv_to_pg', dag_id='netflix_pipeline', run_id='scheduled__2025-10-01T00:00:00+00:00', try_number=1, dag_version_id=UUID('019a4d07-7b2f-75f9-b889-a6f972173ee8'), map_index=-1, hostname='d9c45c73322d', context_carrier={}, task=<Task(_PythonDecoratedOperator): load_csv_to_pg>, bundle_instance=LocalDagBundle(name=dags-folder), max_tries=1, start_date=datetime.datetime(2025, 11, 4, 4, 7, 24, 827736, tzinfo=datetime.timezone.utc), end_date=None, state=<TaskInstanceState.RUNNING: 'running'>, is_mapped=False, rendered_map_index=None)","logger":"task","filename":"task_runner.py","lineno":1352}
